This is pdfTeX, Version 3.141592653-2.6-1.40.28 (MiKTeX 25.12) (preloaded format=pdflatex 2026.7.1)  12 JUL 2026 14:24
entering extended mode
 restricted \write18 enabled.
 %&-line parsing enabled.
**./draft.tex
(draft.tex
LaTeX2e <2025-11-01>
L3 programming layer <2025-12-24>
(C:\Users\Epochoid\AppData\Local\Programs\MiKTeX\tex/latex/base\article.cls
Document Class: article 2025/01/22 v1.4n Standard LaTeX document class
(C:\Users\Epochoid\AppData\Local\Programs\MiKTeX\tex/latex/base\size10.clo
File: size10.clo 2025/01/22 v1.4n Standard LaTeX file (size option)
)
\c@part=\count275
\c@section=\count276
\c@subsection=\count277
\c@subsubsection=\count278
\c@paragraph=\count279
\c@subparagraph=\count280
\c@figure=\count281
\c@table=\count282
\abovecaptionskip=\skip49
\belowcaptionskip=\skip50
\bibindent=\dimen148
)
(aaai2027.sty
Package: aaai2027 2027/05/04 AAAI 2027 Submission format

Conference Style for AAAI for LaTeX 2e
(C:\Users\Epochoid\AppData\Local\Programs\MiKTeX\tex/generic/iftex\iftex.sty
Package: iftex 2024/12/12 v1.0g TeX engine tests
)
(C:\Users\Epochoid\AppData\Local\Programs\MiKTeX\tex/latex/base\fontenc.sty
Package: fontenc 2025/07/18 v2.1d Standard LaTeX package
)
(C:\Users\Epochoid\AppData\Local\Programs\MiKTeX\tex/latex/newtx\newtxtext.sty
Package: newtxtext 2024/04/01 v1.744(Michael Sharpe) latex and unicode latex su
pport for TeXGyreTermesX

`newtxtext' v1.744, 2024/04/01 Text macros taking advantage of TeXGyre Termes a
nd its extensions (msharpe)
(C:\Users\Epochoid\AppData\Local\Programs\MiKTeX\tex/latex/xpatch\xpatch.sty
(C:\Users\Epochoid\AppData\Local\Programs\MiKTeX\tex/latex/l3kernel\expl3.sty
Package: expl3 2025-12-24 L3 programming layer (loader) 

(C:\Users\Epochoid\AppData\Local\Programs\MiKTeX\tex/latex/l3backend\l3backend-
pdftex.def
File: l3backend-pdftex.def 2025-10-09 L3 backend support: PDF output (pdfTeX)
\l__color_backend_stack_int=\count283
))
Package: xpatch 2020/03/25 v0.3a Extending etoolbox patching commands

(C:\Users\Epochoid\AppData\Local\Programs\MiKTeX\tex/latex/l3packages/xparse\xp
arse.sty
Package: xparse 2025-10-09 L3 Experimental document command parser
)
(C:\Users\Epochoid\AppData\Local\Programs\MiKTeX\tex/latex/etoolbox\etoolbox.st
y
Package: etoolbox 2025/10/02 v2.5m e-TeX tools for LaTeX (JAW)
\etb@tempcnta=\count284
))
(C:\Users\Epochoid\AppData\Local\Programs\MiKTeX\tex/latex/xcolor\xcolor.sty
Package: xcolor 2024/09/29 v3.02 LaTeX color extensions (UK)

(C:\Users\Epochoid\AppData\Local\Programs\MiKTeX\tex/latex/graphics-cfg\color.c
fg
File: color.cfg 2016/01/02 v1.6 sample color configuration
)
Package xcolor Info: Driver file: pdftex.def on input line 274.

(C:\Users\Epochoid\AppData\Local\Programs\MiKTeX\tex/latex/graphics-def\pdftex.
def
File: pdftex.def 2025/09/29 v1.2d Graphics/color driver for pdftex
)
(C:\Users\Epochoid\AppData\Local\Programs\MiKTeX\tex/latex/graphics\mathcolor.l
tx)
Package xcolor Info: Model `cmy' substituted by `cmy0' on input line 1349.
Package xcolor Info: Model `hsb' substituted by `rgb' on input line 1353.
Package xcolor Info: Model `RGB' extended on input line 1365.
Package xcolor Info: Model `HTML' substituted by `rgb' on input line 1367.
Package xcolor Info: Model `Hsb' substituted by `hsb' on input line 1368.
Package xcolor Info: Model `tHsb' substituted by `hsb' on input line 1369.
Package xcolor Info: Model `HSB' substituted by `hsb' on input line 1370.
Package xcolor Info: Model `Gray' substituted by `gray' on input line 1371.
Package xcolor Info: Model `wave' substituted by `hsb' on input line 1372.
)
(C:\Users\Epochoid\AppData\Local\Programs\MiKTeX\tex/latex/xkeyval\xkeyval.sty
Package: xkeyval 2022/06/16 v2.9 package option processing (HA)

(C:\Users\Epochoid\AppData\Local\Programs\MiKTeX\tex/generic/xkeyval\xkeyval.te
x
(C:\Users\Epochoid\AppData\Local\Programs\MiKTeX\tex/generic/xkeyval\xkvutils.t
ex
\XKV@toks=\toks17
\XKV@tempa@toks=\toks18

(C:\Users\Epochoid\AppData\Local\Programs\MiKTeX\tex/generic/xkeyval\keyval.tex
))
\XKV@depth=\count285
File: xkeyval.tex 2014/12/03 v2.7a key=value parser (HA)
))
(C:\Users\Epochoid\AppData\Local\Programs\MiKTeX\tex/latex/base\textcomp.sty
Package: textcomp 2024/04/24 v2.1b Standard LaTeX package
)
(C:\Users\Epochoid\AppData\Local\Programs\MiKTeX\tex/latex/xstring\xstring.sty
(C:\Users\Epochoid\AppData\Local\Programs\MiKTeX\tex/generic/xstring\xstring.te
x
\xs_counta=\count286
\xs_countb=\count287
)
Package: xstring 2023/08/22 v1.86 String manipulations (CT)
) (C:\Users\Epochoid\AppData\Local\Programs\MiKTeX\tex/latex/base\ifthen.sty
Package: ifthen 2024/03/16 v1.1e Standard LaTeX ifthen package (DPC)
)
(C:\Users\Epochoid\AppData\Local\Programs\MiKTeX\tex/latex/carlisle\scalefnt.st
y)
LaTeX Font Info:    Setting ntxLF sub-encoding to TS1/0 on input line 24.
LaTeX Font Info:    Setting ntxTLF sub-encoding to TS1/0 on input line 24.
LaTeX Font Info:    Setting ntxOsF sub-encoding to TS1/0 on input line 24.
LaTeX Font Info:    Setting ntxTOsF sub-encoding to TS1/0 on input line 24.

(C:\Users\Epochoid\AppData\Local\Programs\MiKTeX\tex/generic/binhex\binhex.tex)
\ntx@tmpcnta=\count288
\ntx@cnt=\count289

(C:\Users\Epochoid\AppData\Local\Programs\MiKTeX\tex/latex/fontaxes\fontaxes.st
y
Package: fontaxes 2026-01-02 v2.0.2 Font selection axes (deprecated)
Applying: [2024-11-01] Use figureversions if present on input line 74.

(C:\Users\Epochoid\AppData\Local\Programs\MiKTeX\tex/latex/figureversions\figur
eversions.sty
Package: figureversions 2025-04-29 v1.0.1 Figure versions
)
Already applied: [0000-00-00] Fall back to v1 on input line 76.
)
\tx@sixem=\dimen149
\tx@y=\dimen150
\tx@x=\dimen151
\tx@tmpdima=\dimen152
\tx@tmpdimb=\dimen153
\tx@tmpdimc=\dimen154
\tx@tmpdimd=\dimen155
\tx@tmpdime=\dimen156
\tx@tmpdimf=\dimen157
\tx@dimA=\dimen158
\tx@dimAA=\dimen159
\tx@dimB=\dimen160
\tx@dimBB=\dimen161
\tx@dimC=\dimen162
LaTeX Info: Redefining \oldstylenums on input line 902.
)
(C:\Users\Epochoid\AppData\Local\Programs\MiKTeX\tex/latex/psnfss\helvet.sty
Package: helvet 2020/03/25 PSNFSS-v9.3 (WaS) 
)
(C:\Users\Epochoid\AppData\Local\Programs\MiKTeX\tex/latex/psnfss\courier.sty
Package: courier 2020/03/25 PSNFSS-v9.3 (WaS) 
)
(C:\Users\Epochoid\AppData\Local\Programs\MiKTeX\tex/latex/placeins\placeins.st
y
Package: placeins 2005/04/18  v 2.2
)
\titlebox=\skip51
\aaai@thanksins=\insert252
\aaai@copyrightins=\insert251
) (C:\Users\Epochoid\AppData\Local\Programs\MiKTeX\tex/latex/url\url.sty
\Urlmuskip=\muskip17
Package: url 2013/09/16  ver 3.4  Verb mode for urls, etc.
)
(C:\Users\Epochoid\AppData\Local\Programs\MiKTeX\tex/latex/graphics\graphicx.st
y
Package: graphicx 2024/12/31 v1.2e Enhanced LaTeX Graphics (DPC,SPQR)

(C:\Users\Epochoid\AppData\Local\Programs\MiKTeX\tex/latex/graphics\graphics.st
y
Package: graphics 2024/08/06 v1.4g Standard LaTeX Graphics (DPC,SPQR)
 (C:\Users\Epochoid\AppData\Local\Programs\MiKTeX\tex/latex/graphics\trig.sty
Package: trig 2023/12/02 v1.11 sin cos tan (DPC)
)
(C:\Users\Epochoid\AppData\Local\Programs\MiKTeX\tex/latex/graphics-cfg\graphic
s.cfg
File: graphics.cfg 2016/06/04 v1.11 sample graphics configuration
)
Package graphics Info: Driver file: pdftex.def on input line 106.
)
\Gin@req@height=\dimen163
\Gin@req@width=\dimen164
)
(C:\Users\Epochoid\AppData\Local\Programs\MiKTeX\tex/latex/natbib\natbib.sty
Package: natbib 2010/09/13 8.31b (PWD, AO)
\bibhang=\skip52
\bibsep=\skip53
LaTeX Info: Redefining \cite on input line 694.
\c@NAT@ctr=\count290
)
(C:\Users\Epochoid\AppData\Local\Programs\MiKTeX\tex/latex/caption\caption.sty
Package: caption 2023/08/05 v3.6o Customizing captions (AR)

(C:\Users\Epochoid\AppData\Local\Programs\MiKTeX\tex/latex/caption\caption3.sty
Package: caption3 2023/07/31 v2.4d caption3 kernel (AR)
\caption@tempdima=\dimen165
\captionmargin=\dimen166
\caption@leftmargin=\dimen167
\caption@rightmargin=\dimen168
\caption@width=\dimen169
\caption@indent=\dimen170
\caption@parindent=\dimen171
\caption@hangindent=\dimen172
Package caption Info: Standard document class detected.
)
\c@caption@flags=\count291
\c@continuedfloat=\count292
)
(C:\Users\Epochoid\AppData\Local\Programs\MiKTeX\tex/latex/algorithms\algorithm
.sty
Package: algorithm 2009/08/24 v0.1 Document Style `algorithm' - floating enviro
nment
 (C:\Users\Epochoid\AppData\Local\Programs\MiKTeX\tex/latex/float\float.sty
Package: float 2001/11/08 v1.3d Float enhancements (AL)
\c@float@type=\count293
\float@exts=\toks19
\float@box=\box53
\@float@everytoks=\toks20
\@floatcapt=\box54
)
\@float@every@algorithm=\toks21
\c@algorithm=\count294
)
(C:\Users\Epochoid\AppData\Local\Programs\MiKTeX\tex/latex/algorithms\algorithm
ic.sty
Package: algorithmic 2009/08/24 v0.1 Document Style `algorithmic'
\c@ALC@unique=\count295
\c@ALC@line=\count296
\c@ALC@rem=\count297
\c@ALC@depth=\count298
\ALC@tlm=\skip54
\algorithmicindent=\skip55
)
(C:\Users\Epochoid\AppData\Local\Programs\MiKTeX\tex/latex/newfloat\newfloat.st
y
Package: newfloat 2023/10/01 v1.2 Defining new floating environments (AR)
)
(C:\Users\Epochoid\AppData\Local\Programs\MiKTeX\tex/latex/listings\listings.st
y
\lst@mode=\count299
\lst@gtempboxa=\box55
\lst@token=\toks22
\lst@length=\count300
\lst@currlwidth=\dimen173
\lst@column=\count301
\lst@pos=\count302
\lst@lostspace=\dimen174
\lst@width=\dimen175
\lst@newlines=\count303
\lst@lineno=\count304
\lst@maxwidth=\dimen176

(C:\Users\Epochoid\AppData\Local\Programs\MiKTeX\tex/latex/listings\lstpatch.st
y
File: lstpatch.sty 2025/11/14 1.11b (Carsten Heinz)
)
(C:\Users\Epochoid\AppData\Local\Programs\MiKTeX\tex/latex/listings\lstmisc.sty
File: lstmisc.sty 2025/11/14 1.11b (Carsten Heinz)
\c@lstnumber=\count305
\lst@skipnumbers=\count306
\lst@framebox=\box56
)
(C:\Users\Epochoid\AppData\Local\Programs\MiKTeX\tex/latex/listings\listings.cf
g
File: listings.cfg 2025/11/14 1.11b listings configuration
))
Package: listings 2025/11/14 1.11b (Carsten Heinz)

==> First Aid for listings.sty no longer applied!
    Expected:
        2024/09/23 1.10c (Carsten Heinz)
    but found:
        2025/11/14 1.11b (Carsten Heinz)
    so I'm assuming it got fixed.
\@float@every@listing=\toks23
\c@listing=\count307

(C:\Users\Epochoid\AppData\Local\Programs\MiKTeX\tex/latex/booktabs\booktabs.st
y
Package: booktabs 2020/01/12 v1.61803398 Publication quality tables
\heavyrulewidth=\dimen177
\lightrulewidth=\dimen178
\cmidrulewidth=\dimen179
\belowrulesep=\dimen180
\belowbottomsep=\dimen181
\aboverulesep=\dimen182
\abovetopsep=\dimen183
\cmidrulesep=\dimen184
\cmidrulekern=\dimen185
\defaultaddspace=\dimen186
\@cmidla=\count308
\@cmidlb=\count309
\@aboverulesep=\dimen187
\@belowrulesep=\dimen188
\@thisruleclass=\count310
\@lastruleclass=\count311
\@thisrulewidth=\dimen189
)
LaTeX Font Info:    Trying to load font information for T1+ntxtlf on input line
 159.
 (C:\Users\Epochoid\AppData\Local\Programs\MiKTeX\tex/latex/newtx\t1ntxtlf.fd
File: t1ntxtlf.fd 2021/05/24 v1.1 font definition file for T1/ntx/tlf
)
LaTeX Font Info:    Font shape `T1/ntxtlf/m/n' will be
(Font)              scaled to size 10.0pt on input line 159.
 (draft.aux)
\openout1 = `draft.aux'.

LaTeX Font Info:    Checking defaults for OML/cmm/m/it on input line 159.
LaTeX Font Info:    ... okay on input line 159.
LaTeX Font Info:    Checking defaults for OMS/cmsy/m/n on input line 159.
LaTeX Font Info:    ... okay on input line 159.
LaTeX Font Info:    Checking defaults for OT1/cmr/m/n on input line 159.
LaTeX Font Info:    ... okay on input line 159.
LaTeX Font Info:    Checking defaults for T1/cmr/m/n on input line 159.
LaTeX Font Info:    ... okay on input line 159.
LaTeX Font Info:    Checking defaults for TS1/cmr/m/n on input line 159.
LaTeX Font Info:    ... okay on input line 159.
LaTeX Font Info:    Checking defaults for OMX/cmex/m/n on input line 159.
LaTeX Font Info:    ... okay on input line 159.
LaTeX Font Info:    Checking defaults for U/cmr/m/n on input line 159.
LaTeX Font Info:    ... okay on input line 159.

(C:\Users\Epochoid\AppData\Local\Programs\MiKTeX\tex/context/base/mkii\supp-pdf
.mkii
[Loading MPS to PDF converter (version 2006.09.02).]
\scratchcounter=\count312
\scratchdimen=\dimen190
\scratchbox=\box57
\nofMPsegments=\count313
\nofMParguments=\count314
\everyMPshowfont=\toks24
\MPscratchCnt=\count315
\MPscratchDim=\dimen191
\MPnumerator=\count316
\makeMPintoPDFobject=\count317
\everyMPtoPDFconversion=\toks25
)
(C:\Users\Epochoid\AppData\Local\Programs\MiKTeX\tex/latex/epstopdf-pkg\epstopd
f-base.sty
Package: epstopdf-base 2020-01-24 v2.11 Base part for package epstopdf
Package epstopdf-base Info: Redefining graphics rule for `.eps' on input line 4
85.

(C:\Users\Epochoid\AppData\Local\Programs\MiKTeX\tex/latex/00miktex\epstopdf-sy
s.cfg
File: epstopdf-sys.cfg 2021/03/18 v2.0 Configuration of epstopdf for MiKTeX
))
\c@mv@tabular=\count318
\c@mv@boldtabular=\count319
Package caption Info: Begin \AtBeginDocument code.
Package caption Info: float package is loaded.
Package caption Info: listings package is loaded.
Package caption Info: End \AtBeginDocument code.
Package newfloat Info: `float' package detected.
\c@lstlisting=\count320
\c@aaai@eqfn=\count321
\c@aaai@corrfn=\count322
\titlearea=\box58
LaTeX Font Info:    Font shape `T1/ntxtlf/m/n' will be
(Font)              scaled to size 14.4pt on input line 160.
LaTeX Font Info:    Font shape `T1/ntxtlf/b/n' will be
(Font)              scaled to size 14.4pt on input line 160.
LaTeX Font Info:    Font shape `T1/ntxtlf/m/n' will be
(Font)              scaled to size 12.0pt on input line 160.
LaTeX Font Info:    Font shape `T1/ntxtlf/b/n' will be
(Font)              scaled to size 12.0pt on input line 160.
\actualheight=\skip56
LaTeX Font Info:    Font shape `T1/ntxtlf/m/n' will be
(Font)              scaled to size 9.0pt on input line 160.
LaTeX Font Info:    Font shape `T1/ntxtlf/b/n' will be
(Font)              scaled to size 10.0pt on input line 162.
LaTeX Font Info:    Font shape `T1/ntxtlf/b/n' will be
(Font)              scaled to size 9.0pt on input line 163.


pdfTeX warning: pdflatex.exe (file ./Figures/edgepipeline.pdf): PDF inclusion: 
found PDF version <1.6>, but at most version <1.5> allowed
<Figures/edgepipeline.pdf, id=1, 367.15167pt x 224.01894pt>
File: Figures/edgepipeline.pdf Graphic file (type pdf)
<use Figures/edgepipeline.pdf>
Package pdftex.def Info: Figures/edgepipeline.pdf  used on input line 169.
(pdftex.def)             Requested size: 239.39438pt x 146.06862pt.

Overfull \vbox (35.27644pt too high) has occurred while \output is active []

LaTeX Font Info:    Font shape `T1/ntxtlf/m/it' will be
(Font)              scaled to size 10.0pt on input line 184.

[1{C:/Users/Epochoid/AppData/Local/MiKTeX/fonts/map/pdftex/pdftex.map}{C:/Users
/Epochoid/AppData/Local/Programs/MiKTeX/fonts/enc/dvips/newtx/ntx-ec-tlf.enc}



 <./Figures/edgepipeline.pdf, page is rotated 90 degrees>]
LaTeX Font Info:    Trying to load font information for TS1+ntxtlf on input lin
e 193.

(C:\Users\Epochoid\AppData\Local\Programs\MiKTeX\tex/latex/newtx\ts1ntxtlf.fd
File: ts1ntxtlf.fd 2015/01/18 v1.0 fd file for TS1/ntxtlf
)
LaTeX Font Info:    Font shape `TS1/ntxtlf/m/n' will be
(Font)              scaled to size 10.0pt on input line 193.
LaTeX Font Info:    Trying to load font information for T1+pcr on input line 21
7.

(C:\Users\Epochoid\AppData\Local\Programs\MiKTeX\tex/latex/psnfss\t1pcr.fd
File: t1pcr.fd 2001/06/04 font definitions for T1/pcr.
)
[2{C:/Users/Epochoid/AppData/Local/Programs/MiKTeX/fonts/enc/dvips/tex-gyre/q-t
s1.enc}{C:/Users/Epochoid/AppData/Local/Programs/MiKTeX/fonts/enc/dvips/base/8r
.enc}]
LaTeX Font Info:    Font shape `T1/ntxtlf/m/n' will be
(Font)              scaled to size 10.95pt on input line 458.
LaTeX Font Info:    Font shape `T1/ntxtlf/b/n' will be
(Font)              scaled to size 10.95pt on input line 458.
LaTeX Font Info:    External font `cmex10' loaded for size
(Font)              <7> on input line 461.
LaTeX Font Info:    External font `cmex10' loaded for size
(Font)              <5> on input line 461.

Underfull \hbox (badness 10000) in paragraph at lines 478--479
[]\T1/ntxtlf/b/n/10 E1-INT8\T1/ntxtlf/m/n/10 : 8-bit static quan-ti-za-tion via

 []

[3]
LaTeX Font Info:    External font `cmex10' loaded for size
(Font)              <9> on input line 546.
LaTeX Font Info:    External font `cmex10' loaded for size
(Font)              <6> on input line 546.
LaTeX Font Info:    Font shape `T1/ntxtlf/m/it' will be
(Font)              scaled to size 9.0pt on input line 552.

Underfull \hbox (badness 10000) in paragraph at lines 577--580
 \T1/ntxtlf/b/n/10 Open-Domain QA -- Nat-u-ral Ques-tions
 []


Underfull \hbox (badness 1168) in paragraph at lines 577--580
\T1/ntxtlf/b/n/10 Open (Kwiatkowski et al. 2019). \T1/ntxtlf/m/n/10 Short-answe
r fac-
 []


Underfull \hbox (badness 1796) in paragraph at lines 633--636
\T1/ntxtlf/m/n/10 We eval-u-ate 16 mod-els span-ning eight brand fam-i-
 []

[4]
<Figures/fig1_squad_heatmap.pdf, id=31, 598.58745pt x 235.90283pt>
File: Figures/fig1_squad_heatmap.pdf Graphic file (type pdf)
<use Figures/fig1_squad_heatmap.pdf>
Package pdftex.def Info: Figures/fig1_squad_heatmap.pdf  used on input line 760
.
(pdftex.def)             Requested size: 239.39438pt x 94.34505pt.
 [5]
LaTeX Font Info:    External font `cmex10' loaded for size
(Font)              <10.95> on input line 791.
LaTeX Font Info:    External font `cmex10' loaded for size
(Font)              <8> on input line 791.
<Figures/fig3_mtbench_family_bar.pdf, id=37, 642.5286pt x 281.2089pt>
File: Figures/fig3_mtbench_family_bar.pdf Graphic file (type pdf)
<use Figures/fig3_mtbench_family_bar.pdf>
Package pdftex.def Info: Figures/fig3_mtbench_family_bar.pdf  used on input lin
e 865.
(pdftex.def)             Requested size: 239.39438pt x 104.7751pt.
 [6 <./Figures/fig1_squad_heatmap.pdf>]
LaTeX Font Info:    Font shape `T1/ntxtlf/m/sc' will be
(Font)              scaled to size 10.0pt on input line 946.
<Figures/fig5_safety_heatmap.pdf, id=131, 426.68834pt x 512.6516pt>
File: Figures/fig5_safety_heatmap.pdf Graphic file (type pdf)
<use Figures/fig5_safety_heatmap.pdf>
Package pdftex.def Info: Figures/fig5_safety_heatmap.pdf  used on input line 95
7.
(pdftex.def)             Requested size: 239.39438pt x 287.63051pt.
 [7{C:/Users/Epochoid/AppData/Local/Programs/MiKTeX/fonts/enc/dvips/newtx/ntx-e
c-tlf-pc.enc} <./Figures/fig3_mtbench_family_bar.pdf>]
Underfull \hbox (badness 1215) in paragraph at lines 1038--1048
 \T1/ntxtlf/b/n/10 Prac-ti-cal rec-om-men-da-tions. \T1/ntxtlf/m/n/10 For \T1/n
txtlf/m/it/10 prac-ti-tion-ers\T1/ntxtlf/m/n/10 : pre-fer
 []

[8 <./Figures/fig5_safety_heatmap.pdf>] (draft.bbl [9])
<Figures/fig1_benchmark_space.pdf, id=261, 497.8694pt x 316.9204pt>
File: Figures/fig1_benchmark_space.pdf Graphic file (type pdf)
<use Figures/fig1_benchmark_space.pdf>
Package pdftex.def Info: Figures/fig1_benchmark_space.pdf  used on input line 1
109.
(pdftex.def)             Requested size: 239.39438pt x 152.38602pt.
<Figures/fig2_tqa_heatmap.pdf, id=262, 598.58066pt x 235.90283pt>
File: Figures/fig2_tqa_heatmap.pdf Graphic file (type pdf)
<use Figures/fig2_tqa_heatmap.pdf>
Package pdftex.def Info: Figures/fig2_tqa_heatmap.pdf  used on input line 1118.

(pdftex.def)             Requested size: 239.39438pt x 94.34505pt.

Underfull \hbox (badness 1142) in paragraph at lines 1163--1170
\T1/ntxtlf/m/n/10 set-tings achieve 23.8--31.7chars/s with-out any GPU---
 []

[10] [11 <./Figures/fig1_benchmark_space.pdf> <./Figures/fig2_tqa_heatmap.pdf>]

Underfull \hbox (badness 2213) in paragraph at lines 1327--1327
[]\T1/ntxtlf/m/n/9 Model lacks the para-met-ric knowl-edge
 []


Underfull \hbox (badness 1005) in paragraph at lines 1341--1349
\T1/ntxtlf/m/n/10 con-ver-sa-tion set rather than a 200-example reference-
 []


Underfull \hbox (badness 1048) in paragraph at lines 1341--1349
\T1/ntxtlf/m/n/10 scored sam-ple. We there-fore do not mix it into the
 []

[12]
Underfull \hbox (badness 10000) in paragraph at lines 1400--1404
 \T1/ntxtlf/b/n/10 Safety scope. \T1/ntxtlf/m/n/10 The safety suite mea-sures r
e-
 []

[13] (draft.aux)
 ***********
LaTeX2e <2025-11-01>
L3 programming layer <2020/03/25>
 ***********
 ) 
Here is how much of TeX's memory you used:
 7849 strings out of 467871
 130381 string characters out of 5416925
 561524 words of memory out of 5000000
 36607 multiletter control sequences out of 15000+600000
 672128 words of font info for 74 fonts, out of 8000000 for 9000
 1141 hyphenation exceptions out of 8191
 89i,11n,117p,2099b,382s stack positions out of 10000i,1000n,20000p,200000b,200000s
<C:/Users/Epochoid/AppData/Local/Programs/MiKTeX/fonts/type1/public/amsfonts/
cm/cmbx10.pfb><C:/Users/Epochoid/AppData/Local/Programs/MiKTeX/fonts/type1/publ
ic/amsfonts/cm/cmmi10.pfb><C:/Users/Epochoid/AppData/Local/Programs/MiKTeX/font
s/type1/public/amsfonts/cm/cmr10.pfb><C:/Users/Epochoid/AppData/Local/Programs/
MiKTeX/fonts/type1/public/amsfonts/cm/cmr9.pfb><C:/Users/Epochoid/AppData/Local
/Programs/MiKTeX/fonts/type1/public/amsfonts/cm/cmsy10.pfb><C:/Users/Epochoid/A
ppData/Local/Programs/MiKTeX/fonts/type1/public/amsfonts/cm/cmsy6.pfb><C:/Users
/Epochoid/AppData/Local/Programs/MiKTeX/fonts/type1/public/amsfonts/cm/cmsy7.pf
b><C:/Users/Epochoid/AppData/Local/Programs/MiKTeX/fonts/type1/public/amsfonts/
cm/cmsy9.pfb><C:/Users/Epochoid/AppData/Local/Programs/MiKTeX/fonts/type1/publi
c/tex-gyre/qtmr.pfb><C:/Users/Epochoid/AppData/Local/Programs/MiKTeX/fonts/type
1/urw/courier/ucrr8a.pfb><C:/Users/Epochoid/AppData/Local/Programs/MiKTeX/fonts
/type1/public/newtx/ztmb.pfb><C:/Users/Epochoid/AppData/Local/Programs/MiKTeX/f
onts/type1/public/newtx/ztmr.pfb><C:/Users/Epochoid/AppData/Local/Programs/MiKT
eX/fonts/type1/public/newtx/ztmri.pfb>
Output written on draft.pdf (13 pages, 481564 bytes).
PDF statistics:
 514 PDF objects out of 1000 (max. 8388607)
 0 named destinations out of 1000 (max. 500000)
 31 words of extra memory for PDF output out of 10000 (max. 10000000)

